<?xml version="1.0" encoding="UTF-8"?>
<coverage generated="1516762082105" clover="3.2.0">
  <project timestamp="1516762082105" name="All files">
    <metrics statements="11" coveredstatements="1" conditionals="11" coveredconditionals="0" methods="10" coveredmethods="1" elements="32" coveredelements="2" complexity="0" loc="11" ncloc="11" packages="1" files="2" classes="2">
      <file name="index.js" path="/home/eze/Learning/data-fetch-app/pages/index.js">
        <metrics statements="4" coveredstatements="1" conditionals="0" coveredconditionals="0" methods="2" coveredmethods="1"/>
        <line num="9" count="0" type="stmt"/>
        <line num="10" count="0" type="stmt"/>
        <line num="11" count="0" type="stmt"/>
        <line num="15" count="1" type="stmt"/>
      </file>
      <file name="preact.js" path="/home/eze/Learning/data-fetch-app/pages/preact.js">
        <metrics statements="7" coveredstatements="0" conditionals="11" coveredconditionals="0" methods="8" coveredmethods="0"/>
        <line num="1" count="0" type="stmt"/>
        <line num="2" count="0" type="stmt"/>
        <line num="3" count="0" type="stmt"/>
        <line num="4" count="0" type="cond" truecount="0" falsecount="4"/>
        <line num="6" count="0" type="cond" truecount="0" falsecount="2"/>
        <line num="15" count="0" type="stmt"/>
        <line num="21" count="0" type="cond" truecount="0" falsecount="5"/>
      </file>
    </metrics>
  </project>
</coverage>
