{"/home/eze/Learning/data-fetch-app/pages/index.js": {"path":"/home/eze/Learning/data-fetch-app/pages/index.js","statementMap":{"0":{"start":{"line":9,"column":16},"end":{"line":9,"column":72}},"1":{"start":{"line":10,"column":17},"end":{"line":10,"column":33}},"2":{"start":{"line":11,"column":4},"end":{"line":11,"column":43}},"3":{"start":{"line":15,"column":4},"end":{"line":20,"column":5}}},"fnMap":{"0":{"name":"(anonymous_0)","decl":{"start":{"line":7,"column":2},"end":{"line":7,"column":3}},"loc":{"start":{"line":7,"column":34},"end":{"line":12,"column":3}},"line":7},"1":{"name":"(anonymous_1)","decl":{"start":{"line":14,"column":2},"end":{"line":14,"column":3}},"loc":{"start":{"line":14,"column":12},"end":{"line":21,"column":3}},"line":14}},"branchMap":{},"s":{"0":0,"1":0,"2":0,"3":1},"f":{"0":0,"1":1},"b":{},"_coverageSchema":"332fd63041d2c1bcb487cc26dd0d5f7d97098a6c","hash":"1ef583ab9df4d59c7ea2af6082cdce1948ce65aa"}
,"/home/eze/Learning/data-fetch-app/pages/preact.js": {"path":"/home/eze/Learning/data-fetch-app/pages/preact.js","statementMap":{"0":{"start":{"line":1,"column":13},"end":{"line":1,"column":75}},"1":{"start":{"line":1,"column":94},"end":{"line":1,"column":130}},"2":{"start":{"line":1,"column":151},"end":{"line":1,"column":187}},"3":{"start":{"line":1,"column":213},"end":{"line":1,"column":262}},"4":{"start":{"line":1,"column":288},"end":{"line":1,"column":330}},"5":{"start":{"line":1,"column":353},"end":{"line":1,"column":409}},"6":{"start":{"line":1,"column":433},"end":{"line":1,"column":472}},"7":{"start":{"line":1,"column":496},"end":{"line":1,"column":543}},"8":{"start":{"line":1,"column":567},"end":{"line":1,"column":607}},"9":{"start":{"line":1,"column":628},"end":{"line":1,"column":672}},"10":{"start":{"line":1,"column":693},"end":{"line":1,"column":730}},"11":{"start":{"line":1,"column":765},"end":{"line":1,"column":823}},"12":{"start":{"line":1,"column":858},"end":{"line":1,"column":909}},"13":{"start":{"line":1,"column":927},"end":{"line":1,"column":968}},"14":{"start":{"line":1,"column":986},"end":{"line":1,"column":1020}},"15":{"start":{"line":1,"column":1040},"end":{"line":1,"column":1091}},"16":{"start":{"line":2,"column":13},"end":{"line":2,"column":29}},"17":{"start":{"line":2,"column":44},"end":{"line":2,"column":74}},"18":{"start":{"line":3,"column":12},"end":{"line":3,"column":44}},"19":{"start":{"line":3,"column":58},"end":{"line":3,"column":87}},"20":{"start":{"line":4,"column":0},"end":{"line":4,"column":28}},"21":{"start":{"line":4,"column":66},"end":{"line":4,"column":120}},"22":{"start":{"line":6,"column":9},"end":{"line":21,"column":736}},"23":{"start":{"line":6,"column":38},"end":{"line":6,"column":88}},"24":{"start":{"line":6,"column":107},"end":{"line":6,"column":151}},"25":{"start":{"line":6,"column":151},"end":{"line":6,"column":289}},"26":{"start":{"line":6,"column":290},"end":{"line":21,"column":694}},"27":{"start":{"line":15,"column":6},"end":{"line":18,"column":270}},"28":{"start":{"line":21,"column":68},"end":{"line":21,"column":598}},"29":{"start":{"line":21,"column":175},"end":{"line":21,"column":595}},"30":{"start":{"line":21,"column":238},"end":{"line":21,"column":577}},"31":{"start":{"line":21,"column":249},"end":{"line":21,"column":576}},"32":{"start":{"line":21,"column":296},"end":{"line":21,"column":314}},"33":{"start":{"line":21,"column":314},"end":{"line":21,"column":376}},"34":{"start":{"line":21,"column":383},"end":{"line":21,"column":403}},"35":{"start":{"line":21,"column":403},"end":{"line":21,"column":421}},"36":{"start":{"line":21,"column":421},"end":{"line":21,"column":439}},"37":{"start":{"line":21,"column":446},"end":{"line":21,"column":467}},"38":{"start":{"line":21,"column":467},"end":{"line":21,"column":534}},"39":{"start":{"line":21,"column":552},"end":{"line":21,"column":575}},"40":{"start":{"line":21,"column":627},"end":{"line":21,"column":662}},"41":{"start":{"line":21,"column":663},"end":{"line":21,"column":686}},"42":{"start":{"line":21,"column":694},"end":{"line":21,"column":708}},"43":{"start":{"line":21,"column":737},"end":{"line":21,"column":762}}},"fnMap":{"0":{"name":"_interopRequireDefault","decl":{"start":{"line":4,"column":37},"end":{"line":4,"column":59}},"loc":{"start":{"line":4,"column":65},"end":{"line":4,"column":121}},"line":4},"1":{"name":"(anonymous_1)","decl":{"start":{"line":6,"column":9},"end":{"line":6,"column":10}},"loc":{"start":{"line":6,"column":37},"end":{"line":21,"column":709}},"line":6},"2":{"name":"MyPage","decl":{"start":{"line":6,"column":97},"end":{"line":6,"column":103}},"loc":{"start":{"line":6,"column":106},"end":{"line":6,"column":290}},"line":6},"3":{"name":"render","decl":{"start":{"line":6,"column":359},"end":{"line":6,"column":365}},"loc":{"start":{"line":14,"column":4},"end":{"line":21,"column":5}},"line":14},"4":{"name":"(anonymous_4)","decl":{"start":{"line":21,"column":44},"end":{"line":21,"column":45}},"loc":{"start":{"line":21,"column":56},"end":{"line":21,"column":687}},"line":21},"5":{"name":"_callee","decl":{"start":{"line":21,"column":150},"end":{"line":21,"column":157}},"loc":{"start":{"line":21,"column":160},"end":{"line":21,"column":596}},"line":21},"6":{"name":"_callee$","decl":{"start":{"line":21,"column":218},"end":{"line":21,"column":226}},"loc":{"start":{"line":21,"column":237},"end":{"line":21,"column":578}},"line":21},"7":{"name":"getInitialProps","decl":{"start":{"line":21,"column":608},"end":{"line":21,"column":623}},"loc":{"start":{"line":21,"column":626},"end":{"line":21,"column":663}},"line":21}},"branchMap":{"0":{"loc":{"start":{"line":4,"column":73},"end":{"line":4,"column":119}},"type":"cond-expr","locations":[{"start":{"line":4,"column":97},"end":{"line":4,"column":100}},{"start":{"line":4,"column":103},"end":{"line":4,"column":119}}],"line":4},"1":{"loc":{"start":{"line":4,"column":73},"end":{"line":4,"column":94}},"type":"binary-expr","locations":[{"start":{"line":4,"column":73},"end":{"line":4,"column":76}},{"start":{"line":4,"column":80},"end":{"line":4,"column":94}}],"line":4},"2":{"loc":{"start":{"line":6,"column":206},"end":{"line":6,"column":263}},"type":"binary-expr","locations":[{"start":{"line":6,"column":206},"end":{"line":6,"column":222}},{"start":{"line":6,"column":226},"end":{"line":6,"column":263}}],"line":6},"3":{"loc":{"start":{"line":21,"column":249},"end":{"line":21,"column":576}},"type":"switch","locations":[{"start":{"line":21,"column":289},"end":{"line":21,"column":376}},{"start":{"line":21,"column":376},"end":{"line":21,"column":439}},{"start":{"line":21,"column":439},"end":{"line":21,"column":534}},{"start":{"line":21,"column":534},"end":{"line":21,"column":541}},{"start":{"line":21,"column":541},"end":{"line":21,"column":575}}],"line":21}},"s":{"0":0,"1":0,"2":0,"3":0,"4":0,"5":0,"6":0,"7":0,"8":0,"9":0,"10":0,"11":0,"12":0,"13":0,"14":0,"15":0,"16":0,"17":0,"18":0,"19":0,"20":0,"21":0,"22":0,"23":0,"24":0,"25":0,"26":0,"27":0,"28":0,"29":0,"30":0,"31":0,"32":0,"33":0,"34":0,"35":0,"36":0,"37":0,"38":0,"39":0,"40":0,"41":0,"42":0,"43":0},"f":{"0":0,"1":0,"2":0,"3":0,"4":0,"5":0,"6":0,"7":0},"b":{"0":[0,0],"1":[0,0],"2":[0,0],"3":[0,0,0,0,0]}}
}
