TN:
SF:/home/eze/Learning/data-fetch-app/pages/index.js
FN:7,(anonymous_0)
FN:14,(anonymous_1)
FNF:2
FNH:1
FNDA:0,(anonymous_0)
FNDA:1,(anonymous_1)
DA:9,0
DA:10,0
DA:11,0
DA:15,1
LF:4
LH:1
BRF:0
BRH:0
end_of_record
TN:
SF:/home/eze/Learning/data-fetch-app/pages/preact.js
FN:4,_interopRequireDefault
FN:6,(anonymous_1)
FN:6,MyPage
FN:6,render
FN:21,(anonymous_4)
FN:21,_callee
FN:21,_callee$
FN:21,getInitialProps
FNF:8
FNH:0
FNDA:0,_interopRequireDefault
FNDA:0,(anonymous_1)
FNDA:0,MyPage
FNDA:0,render
FNDA:0,(anonymous_4)
FNDA:0,_callee
FNDA:0,_callee$
FNDA:0,getInitialProps
DA:1,0
DA:2,0
DA:3,0
DA:4,0
DA:6,0
DA:15,0
DA:21,0
LF:7
LH:0
BRDA:4,0,0,0
BRDA:4,0,1,0
BRDA:4,1,0,0
BRDA:4,1,1,0
BRDA:6,2,0,0
BRDA:6,2,1,0
BRDA:21,3,0,0
BRDA:21,3,1,0
BRDA:21,3,2,0
BRDA:21,3,3,0
BRDA:21,3,4,0
BRF:11
BRH:0
end_of_record
